<?xml version="1.0" encoding="UTF-8"?>
<testng-results ignored="0" total="1" passed="1" failed="0" skipped="0">
  <reporter-output>
  </reporter-output>
  <suite started-at="2021-06-10T00:05:17 IST" name="Default suite" finished-at="2021-06-10T00:05:59 IST" duration-ms="42106">
    <groups>
    </groups>
    <test started-at="2021-06-10T00:05:17 IST" name="Default test" finished-at="2021-06-10T00:05:59 IST" duration-ms="42106">
      <class name="tests.BaseClass">
        <test-method is-config="true" signature="setUp()[pri:0, instance:tests.BaseClass@654f0d9c]" started-at="2021-06-10T00:05:17 IST" name="setUp" finished-at="2021-06-10T00:05:59 IST" duration-ms="42010" status="PASS">
          <reporter-output>
          </reporter-output>
        </test-method> <!-- setUp -->
        <test-method signature="sampleTest()[pri:0, instance:tests.BaseClass@654f0d9c]" started-at="2021-06-10T00:05:59 IST" name="sampleTest" finished-at="2021-06-10T00:05:59 IST" duration-ms="15" status="PASS">
          <reporter-output>
          </reporter-output>
        </test-method> <!-- sampleTest -->
        <test-method is-config="true" signature="tearDown()[pri:0, instance:tests.BaseClass@654f0d9c]" started-at="2021-06-10T00:05:59 IST" name="tearDown" finished-at="2021-06-10T00:05:59 IST" duration-ms="1" status="PASS">
          <reporter-output>
          </reporter-output>
        </test-method> <!-- tearDown -->
      </class> <!-- tests.BaseClass -->
    </test> <!-- Default test -->
  </suite> <!-- Default suite -->
</testng-results>
